{
  "stats": {
    "suites": 2,
    "tests": 6,
    "passes": 5,
    "pending": 0,
    "failures": 1,
    "start": "2022-02-20T18:12:42.046Z",
    "end": "2022-02-20T18:14:09.503Z",
    "duration": 87457,
    "testsRegistered": 6,
    "passPercent": 83.33333333333334,
    "pendingPercent": 0,
    "other": 0,
    "hasOther": false,
    "skipped": 0,
    "hasSkipped": false
  },
  "results": [
    {
      "uuid": "a50d8f82-0ce4-4adb-9d56-b294ffb2dc1c",
      "title": "",
      "fullFile": "cypress/integration/2-advanced-examples/misc.spec.js",
      "file": "cypress/integration/2-advanced-examples/misc.spec.js",
      "beforeHooks": [],
      "afterHooks": [],
      "tests": [],
      "suites": [
        {
          "uuid": "1ab846d9-9887-4cfe-b12b-a877f58ab529",
          "title": "Misc",
          "fullFile": "",
          "file": "",
          "beforeHooks": [],
          "afterHooks": [],
          "tests": [
            {
              "title": ".end() - end the command chain",
              "fullTitle": "Misc .end() - end the command chain",
              "timedOut": null,
              "duration": 4438,
              "state": "passed",
              "speed": "fast",
              "pass": true,
              "fail": false,
              "pending": false,
              "context": null,
              "code": "// https://on.cypress.io/end\n// cy.end is useful when you want to end a chain of commands\n// and force Cypress to re-query from the root element\ncy.get('.misc-table').within(() => {\n  // ends the current chain and yields null\n  cy.contains('Cheryl').click().end(); // queries the entire table again\n  cy.contains('Charles').click();\n});",
              "err": {},
              "uuid": "8e55a81d-24f8-43f4-83ae-7cfa92283b96",
              "parentUUID": "1ab846d9-9887-4cfe-b12b-a877f58ab529",
              "isHook": false,
              "skipped": false
            },
            {
              "title": "cy.exec() - execute a system command",
              "fullTitle": "Misc cy.exec() - execute a system command",
              "timedOut": null,
              "duration": 67706,
              "state": "failed",
              "speed": null,
              "pass": false,
              "fail": true,
              "pending": false,
              "context": null,
              "code": "// execute a system command.\n// so you can take actions necessary for\n// your test outside the scope of Cypress.\n// https://on.cypress.io/exec\n// we can use Cypress.platform string to\n// select appropriate command\n// https://on.cypress/io/platform\ncy.log(`Platform ${Cypress.platform} architecture ${Cypress.arch}`); // on CircleCI Windows build machines we have a failure to run bash shell\n// https://github.com/cypress-io/cypress/issues/5169\n// so skip some of the tests by passing flag \"--env circle=true\"\nconst isCircleOnWindows = Cypress.platform === 'win32' && Cypress.env('circle');\nif (isCircleOnWindows) {\n  cy.log('Skipping test on CircleCI');\n  return;\n} // cy.exec problem on Shippable CI\n// https://github.com/cypress-io/cypress/issues/6718\n\nconst isShippable = Cypress.platform === 'linux' && Cypress.env('shippable');\nif (isShippable) {\n  cy.log('Skipping test on ShippableCI');\n  return;\n}\ncy.exec('echo Jane Lane').its('stdout').should('contain', 'Jane Lane');\nif (Cypress.platform === 'win32') {\n  cy.exec('print cypress.json').its('stderr').should('be.empty');\n} else {\n  cy.exec('cat cypress.json').its('stderr').should('be.empty');\n  cy.exec('pwd').its('code').should('eq', 0);\n}",
              "err": {
                "message": "CypressError: `cy.exec('print cypress.json')` timed out after waiting `60000ms`.\n\nhttps://on.cypress.io/exec",
                "estack": "CypressError: `cy.exec('print cypress.json')` timed out after waiting `60000ms`.\n\nhttps://on.cypress.io/exec\n    at https://example.cypress.io/__cypress/runner/cypress_runner.js:157446:85\n    at tryCatcher (https://example.cypress.io/__cypress/runner/cypress_runner.js:13196:23)\n    at https://example.cypress.io/__cypress/runner/cypress_runner.js:8318:41\n    at tryCatcher (https://example.cypress.io/__cypress/runner/cypress_runner.js:13196:23)\n    at Promise._settlePromiseFromHandler (https://example.cypress.io/__cypress/runner/cypress_runner.js:11131:31)\n    at Promise._settlePromise (https://example.cypress.io/__cypress/runner/cypress_runner.js:11188:18)\n    at Promise._settlePromise0 (https://example.cypress.io/__cypress/runner/cypress_runner.js:11233:10)\n    at Promise._settlePromises (https://example.cypress.io/__cypress/runner/cypress_runner.js:11309:18)\n    at _drainQueueStep (https://example.cypress.io/__cypress/runner/cypress_runner.js:7903:12)\n    at _drainQueue (https://example.cypress.io/__cypress/runner/cypress_runner.js:7896:9)\n    at Async.../../node_modules/bluebird/js/release/async.js.Async._drainQueues (https://example.cypress.io/__cypress/runner/cypress_runner.js:7912:5)\n    at Async.drainQueues (https://example.cypress.io/__cypress/runner/cypress_runner.js:7782:14)\nFrom Your Spec Code:\n    at Context.eval (https://example.cypress.io/__cypress/tests?p=cypress\\integration\\2-advanced-examples\\misc.spec.js:146:10)",
                "diff": null
              },
              "uuid": "5cae1436-4cbd-4007-8cc3-f5ca1de6fa60",
              "parentUUID": "1ab846d9-9887-4cfe-b12b-a877f58ab529",
              "isHook": false,
              "skipped": false
            },
            {
              "title": "cy.focused() - get the DOM element that has focus",
              "fullTitle": "Misc cy.focused() - get the DOM element that has focus",
              "timedOut": null,
              "duration": 2637,
              "state": "passed",
              "speed": "fast",
              "pass": true,
              "fail": false,
              "pending": false,
              "context": null,
              "code": "// https://on.cypress.io/focused\ncy.get('.misc-form').find('#name').click();\ncy.focused().should('have.id', 'name');\ncy.get('.misc-form').find('#description').click();\ncy.focused().should('have.id', 'description');",
              "err": {},
              "uuid": "80b44f2c-373f-4e7f-b068-3b755788d1e8",
              "parentUUID": "1ab846d9-9887-4cfe-b12b-a877f58ab529",
              "isHook": false,
              "skipped": false
            },
            {
              "title": "cy.wrap() - wrap an object",
              "fullTitle": "Misc cy.wrap() - wrap an object",
              "timedOut": null,
              "duration": 1016,
              "state": "passed",
              "speed": "fast",
              "pass": true,
              "fail": false,
              "pending": false,
              "context": null,
              "code": "// https://on.cypress.io/wrap\ncy.wrap({\n  foo: 'bar'\n}).should('have.property', 'foo').and('include', 'bar');",
              "err": {},
              "uuid": "7b9581f3-d103-4120-a01e-885dcd4da820",
              "parentUUID": "1ab846d9-9887-4cfe-b12b-a877f58ab529",
              "isHook": false,
              "skipped": false
            }
          ],
          "suites": [
            {
              "uuid": "390ffba7-567f-4516-8463-d206d4e47e74",
              "title": "Cypress.Screenshot",
              "fullFile": "",
              "file": "",
              "beforeHooks": [],
              "afterHooks": [],
              "tests": [
                {
                  "title": "cy.screenshot() - take a screenshot",
                  "fullTitle": "Misc Cypress.Screenshot cy.screenshot() - take a screenshot",
                  "timedOut": null,
                  "duration": 5509,
                  "state": "passed",
                  "speed": "medium",
                  "pass": true,
                  "fail": false,
                  "pending": false,
                  "context": null,
                  "code": "// https://on.cypress.io/screenshot\ncy.screenshot('my-image');",
                  "err": {},
                  "uuid": "e190b23e-07a2-4f7d-bc8f-3162288728fd",
                  "parentUUID": "390ffba7-567f-4516-8463-d206d4e47e74",
                  "isHook": false,
                  "skipped": false
                },
                {
                  "title": "Cypress.Screenshot.defaults() - change default config of screenshots",
                  "fullTitle": "Misc Cypress.Screenshot Cypress.Screenshot.defaults() - change default config of screenshots",
                  "timedOut": null,
                  "duration": 915,
                  "state": "passed",
                  "speed": "fast",
                  "pass": true,
                  "fail": false,
                  "pending": false,
                  "context": null,
                  "code": "Cypress.Screenshot.defaults({\n  blackout: ['.foo'],\n  capture: 'viewport',\n  clip: {\n    x: 0,\n    y: 0,\n    width: 200,\n    height: 200\n  },\n  scale: false,\n  disableTimersAndAnimations: true,\n  screenshotOnRunFailure: true,\n  onBeforeScreenshot() {},\n  onAfterScreenshot() {}\n});",
                  "err": {},
                  "uuid": "ece5bd43-acdc-4dfc-9710-fee5f4b3168b",
                  "parentUUID": "390ffba7-567f-4516-8463-d206d4e47e74",
                  "isHook": false,
                  "skipped": false
                }
              ],
              "suites": [],
              "passes": [
                "e190b23e-07a2-4f7d-bc8f-3162288728fd",
                "ece5bd43-acdc-4dfc-9710-fee5f4b3168b"
              ],
              "failures": [],
              "pending": [],
              "skipped": [],
              "duration": 6424,
              "root": false,
              "rootEmpty": false,
              "_timeout": 2000
            }
          ],
          "passes": [
            "8e55a81d-24f8-43f4-83ae-7cfa92283b96",
            "80b44f2c-373f-4e7f-b068-3b755788d1e8",
            "7b9581f3-d103-4120-a01e-885dcd4da820"
          ],
          "failures": [
            "5cae1436-4cbd-4007-8cc3-f5ca1de6fa60"
          ],
          "pending": [],
          "skipped": [],
          "duration": 75797,
          "root": false,
          "rootEmpty": false,
          "_timeout": 2000
        }
      ],
      "passes": [],
      "failures": [],
      "pending": [],
      "skipped": [],
      "duration": 0,
      "root": true,
      "rootEmpty": true,
      "_timeout": 2000
    }
  ],
  "meta": {
    "mocha": {
      "version": "7.0.1"
    },
    "mochawesome": {
      "options": {
        "quiet": false,
        "reportFilename": "mochawesome",
        "saveHtml": false,
        "saveJson": true,
        "consoleReporter": "spec",
        "useInlineDiffs": false,
        "code": true
      },
      "version": "7.0.1"
    },
    "marge": {
      "options": {
        "charts": true,
        "overwrite": false,
        "html": false,
        "json": true,
        "reportDir": "cypress/reports"
      },
      "version": "6.0.1"
    }
  }
}