{
  "stats": {
    "suites": 1,
    "tests": 1,
    "passes": 1,
    "pending": 0,
    "failures": 0,
    "start": "2022-02-21T05:27:41.412Z",
    "end": "2022-02-21T05:27:51.349Z",
    "duration": 9937,
    "testsRegistered": 1,
    "passPercent": 100,
    "pendingPercent": 0,
    "other": 0,
    "hasOther": false,
    "skipped": 0,
    "hasSkipped": false
  },
  "results": [
    {
      "uuid": "2c0b06bf-fb7f-4048-b928-38b8137136d7",
      "title": "",
      "fullFile": "cypress/integration/2-advanced-examples/local_storage.spec.js",
      "file": "cypress/integration/2-advanced-examples/local_storage.spec.js",
      "beforeHooks": [],
      "afterHooks": [],
      "tests": [],
      "suites": [
        {
          "uuid": "03c01dab-4877-4af4-8d07-8bdedf5517ab",
          "title": "Local Storage",
          "fullFile": "",
          "file": "",
          "beforeHooks": [],
          "afterHooks": [],
          "tests": [
            {
              "title": "cy.clearLocalStorage() - clear all data in local storage",
              "fullTitle": "Local Storage cy.clearLocalStorage() - clear all data in local storage",
              "timedOut": null,
              "duration": 4865,
              "state": "passed",
              "speed": "fast",
              "pass": true,
              "fail": false,
              "pending": false,
              "context": null,
              "code": "// https://on.cypress.io/clearlocalstorage\ncy.get('.ls-btn').click().should(() => {\n  expect(localStorage.getItem('prop1')).to.eq('red');\n  expect(localStorage.getItem('prop2')).to.eq('blue');\n  expect(localStorage.getItem('prop3')).to.eq('magenta');\n}); // clearLocalStorage() yields the localStorage object\ncy.clearLocalStorage().should(ls => {\n  expect(ls.getItem('prop1')).to.be.null;\n  expect(ls.getItem('prop2')).to.be.null;\n  expect(ls.getItem('prop3')).to.be.null;\n});\ncy.get('.ls-btn').click().should(() => {\n  expect(localStorage.getItem('prop1')).to.eq('red');\n  expect(localStorage.getItem('prop2')).to.eq('blue');\n  expect(localStorage.getItem('prop3')).to.eq('magenta');\n}); // Clear key matching string in Local Storage\ncy.clearLocalStorage('prop1').should(ls => {\n  expect(ls.getItem('prop1')).to.be.null;\n  expect(ls.getItem('prop2')).to.eq('blue');\n  expect(ls.getItem('prop3')).to.eq('magenta');\n});\ncy.get('.ls-btn').click().should(() => {\n  expect(localStorage.getItem('prop1')).to.eq('red');\n  expect(localStorage.getItem('prop2')).to.eq('blue');\n  expect(localStorage.getItem('prop3')).to.eq('magenta');\n}); // Clear keys matching regex in Local Storage\ncy.clearLocalStorage(/prop1|2/).should(ls => {\n  expect(ls.getItem('prop1')).to.be.null;\n  expect(ls.getItem('prop2')).to.be.null;\n  expect(ls.getItem('prop3')).to.eq('magenta');\n});",
              "err": {},
              "uuid": "77face9c-0dd0-4f2e-82d5-ed45be545585",
              "parentUUID": "03c01dab-4877-4af4-8d07-8bdedf5517ab",
              "isHook": false,
              "skipped": false
            }
          ],
          "suites": [],
          "passes": [
            "77face9c-0dd0-4f2e-82d5-ed45be545585"
          ],
          "failures": [],
          "pending": [],
          "skipped": [],
          "duration": 4865,
          "root": false,
          "rootEmpty": false,
          "_timeout": 2000
        }
      ],
      "passes": [],
      "failures": [],
      "pending": [],
      "skipped": [],
      "duration": 0,
      "root": true,
      "rootEmpty": true,
      "_timeout": 2000
    }
  ],
  "meta": {
    "mocha": {
      "version": "7.0.1"
    },
    "mochawesome": {
      "options": {
        "quiet": false,
        "reportFilename": "mochawesome",
        "saveHtml": false,
        "saveJson": true,
        "consoleReporter": "spec",
        "useInlineDiffs": false,
        "code": true
      },
      "version": "7.0.1"
    },
    "marge": {
      "options": {
        "charts": true,
        "overwrite": false,
        "html": false,
        "json": true,
        "reportDir": "cypress/reports"
      },
      "version": "6.0.1"
    }
  }
}