{
  "stats": {
    "suites": 0,
    "tests": 1,
    "passes": 1,
    "pending": 0,
    "failures": 0,
    "start": "2022-02-20T18:21:27.874Z",
    "end": "2022-02-20T18:22:01.172Z",
    "duration": 33298,
    "testsRegistered": 1,
    "passPercent": 100,
    "pendingPercent": 0,
    "other": 0,
    "hasOther": false,
    "skipped": 0,
    "hasSkipped": false
  },
  "results": [
    {
      "uuid": "6fced2ca-7d23-49b5-a1a3-9844df9b0c1c",
      "title": "",
      "fullFile": "cypress/integration/Order_Tracking.js",
      "file": "cypress/integration/Order_Tracking.js",
      "beforeHooks": [],
      "afterHooks": [],
      "tests": [
        {
          "title": "Check Order Status",
          "fullTitle": "Check Order Status",
          "timedOut": null,
          "duration": 26199,
          "state": "passed",
          "speed": "slow",
          "pass": true,
          "fail": false,
          "pending": false,
          "context": null,
          "code": "ordertrackingpage.navigate('https://www.jewelrymatic.com/');\nordertrackingpage.gotoTrackingPage();\nordertrackingpage.enterOrderID('446');\nordertrackingpage.enterBillingEmail('phincoalo+benj@gmail.com');\nordertrackingpage.clickTrackOrder();",
          "err": {},
          "uuid": "3f420d8a-f4a7-427f-be47-42f1d423eae4",
          "parentUUID": "6fced2ca-7d23-49b5-a1a3-9844df9b0c1c",
          "isHook": false,
          "skipped": false
        }
      ],
      "suites": [],
      "passes": [
        "3f420d8a-f4a7-427f-be47-42f1d423eae4"
      ],
      "failures": [],
      "pending": [],
      "skipped": [],
      "duration": 26199,
      "root": true,
      "rootEmpty": false,
      "_timeout": 2000
    }
  ],
  "meta": {
    "mocha": {
      "version": "7.0.1"
    },
    "mochawesome": {
      "options": {
        "quiet": false,
        "reportFilename": "mochawesome",
        "saveHtml": false,
        "saveJson": true,
        "consoleReporter": "spec",
        "useInlineDiffs": false,
        "code": true
      },
      "version": "7.0.1"
    },
    "marge": {
      "options": {
        "charts": true,
        "overwrite": false,
        "html": false,
        "json": true,
        "reportDir": "cypress/reports"
      },
      "version": "6.0.1"
    }
  }
}